
  .   ____          _            __ _ _
 /\\ / ___'_ __ _ _(_)_ __  __ _ \ \ \ \
( ( )\___ | '_ | '_| | '_ \/ _` | \ \ \ \
 \\/  ___)| |_)| | | | | || (_| |  ) ) ) )
  '  |____| .__|_| |_|_| |_\__, | / / / /
 =========|_|==============|___/=/_/_/_/

 :: Spring Boot ::                (v3.3.4)

2025-12-03T08:34:56.324Z  INFO 22518 --- [           main] com.example.UserManagementApplication    : Starting UserManagementApplication using Java 21.0.9 with PID 22518 (/home/neogeo/Java-Application/target/user-management-app.war started by neogeo in /home/neogeo/Java-Application)
2025-12-03T08:34:56.328Z  INFO 22518 --- [           main] com.example.UserManagementApplication    : No active profile set, falling back to 1 default profile: "default"
2025-12-03T08:34:57.819Z  INFO 22518 --- [           main] o.s.b.w.embedded.tomcat.TomcatWebServer  : Tomcat initialized with port 8084 (http)
2025-12-03T08:34:57.840Z  INFO 22518 --- [           main] o.apache.catalina.core.StandardService   : Starting service [Tomcat]
2025-12-03T08:34:57.841Z  INFO 22518 --- [           main] o.apache.catalina.core.StandardEngine    : Starting Servlet engine: [Apache Tomcat/10.1.30]
2025-12-03T08:34:58.686Z  INFO 22518 --- [           main] org.apache.jasper.servlet.TldScanner     : At least one JAR was scanned for TLDs yet contained no TLDs. Enable debug logging for this logger for a complete list of JARs that were scanned but no TLDs were found in them. Skipping unneeded JARs during scanning can improve startup time and JSP compilation time.
2025-12-03T08:34:59.189Z  INFO 22518 --- [           main] o.a.c.c.C.[Tomcat].[localhost].[/]       : Initializing Spring embedded WebApplicationContext
2025-12-03T08:34:59.190Z  INFO 22518 --- [           main] w.s.c.ServletWebServerApplicationContext : Root WebApplicationContext: initialization completed in 2751 ms
2025-12-03T08:34:59.369Z  INFO 22518 --- [           main] o.s.b.a.w.s.WelcomePageHandlerMapping    : Adding welcome page template: index
2025-12-03T08:34:59.758Z  INFO 22518 --- [           main] o.s.b.w.embedded.tomcat.TomcatWebServer  : Tomcat started on port 8084 (http) with context path '/'
2025-12-03T08:34:59.778Z  INFO 22518 --- [           main] com.example.UserManagementApplication    : Started UserManagementApplication in 4.264 seconds (process running for 4.966)
2025-12-03T08:35:16.126Z  INFO 22518 --- [nio-8084-exec-1] o.a.c.c.C.[Tomcat].[localhost].[/]       : Initializing Spring DispatcherServlet 'dispatcherServlet'
2025-12-03T08:35:16.127Z  INFO 22518 --- [nio-8084-exec-1] o.s.web.servlet.DispatcherServlet        : Initializing Servlet 'dispatcherServlet'
2025-12-03T08:35:16.128Z  INFO 22518 --- [nio-8084-exec-1] o.s.web.servlet.DispatcherServlet        : Completed initialization in 1 ms
